#
# There is insufficient memory for the Java Runtime Environment to continue.
# Native memory allocation (mmap) failed to map 900726784 bytes for Failed to commit area from 0x00000000c4000000 to 0x00000000f9b00000 of length 900726784.
# Possible reasons:
#   The system is out of physical RAM or swap space
#   The process is running with CompressedOops enabled, and the Java Heap may be blocking the growth of the native heap
# Possible solutions:
#   Reduce memory load on the system
#   Increase physical memory or swap space
#   Check if swap backing store is full
#   Decrease Java heap size (-Xmx/-Xms)
#   Decrease number of Java threads
#   Decrease Java thread stack sizes (-Xss)
#   Set larger code cache with -XX:ReservedCodeCacheSize=
#   JVM is running with Unscaled Compressed Oops mode in which the Java heap is
#     placed in the first 4GB address space. The Java Heap base address is the
#     maximum limit for the native heap growth. Please use -XX:HeapBaseMinAddress
#     to set the Java Heap base and to place the Java Heap above 4GB virtual address.
# This output file may be truncated or incomplete.
#
#  Out of Memory Error (t:/workspace/open/src/hotspot/os/windows/os_windows.cpp:3315), pid=8076, tid=1616
#
# JRE version: Java(TM) SE Runtime Environment (14.0+36) (build 14+36-1461)
# Java VM: Java HotSpot(TM) 64-Bit Server VM (14+36-1461, mixed mode, sharing, tiered, compressed oops, g1 gc, windows-amd64)
# No core dump will be written. Minidumps are not enabled by default on client versions of Windows
#

---------------  S U M M A R Y ------------

Command Line: -javaagent:C:\Program Files\JetBrains\IntelliJ IDEA Community Edition 2019.3.4\lib\idea_rt.jar=53979:C:\Program Files\JetBrains\IntelliJ IDEA Community Edition 2019.3.4\bin -Dfile.encoding=UTF-8 ru.progwards.java2.lessons.gc.HeapTest

Host: Intel(R) Core(TM) i7 CPU         870  @ 2.93GHz, 8 cores, 3G,  Windows 10 , 64 bit Build 17763 (10.0.17763.1158)
Time: Wed Jul  1 17:32:18 2020 RTZ 2 (ceia) elapsed time: 0 seconds (0d 0h 0m 0s)

---------------  T H R E A D  ---------------

Current thread (0x000002902b15f800):  JavaThread "main" [_thread_in_vm, id=1616, stack(0x000000db8b900000,0x000000db8ba00000)]

Stack: [0x000000db8b900000,0x000000db8ba00000]
Native frames: (J=compiled Java code, j=interpreted, Vv=VM code, C=native code)
V  [jvm.dll+0x5f83ea]
V  [jvm.dll+0x741e2a]
V  [jvm.dll+0x7435df]
V  [jvm.dll+0x743c23]
V  [jvm.dll+0x20d268]
V  [jvm.dll+0x5f579a]
V  [jvm.dll+0x5ea5f5]
V  [jvm.dll+0x2c7e7c]
V  [jvm.dll+0x2c7cb2]
V  [jvm.dll+0x2cdb9c]
V  [jvm.dll+0x313fd8]
V  [jvm.dll+0x313700]
V  [jvm.dll+0x2a1044]
V  [jvm.dll+0x29c7af]
V  [jvm.dll+0x58eb1a]
V  [jvm.dll+0x1e0295]
V  [jvm.dll+0x71cd27]
V  [jvm.dll+0x338f2a]
C  0x000002903390ecb4

Java frames: (J=compiled Java code, j=interpreted, Vv=VM code)
j  ru.progwards.java2.lessons.gc.Heap.<init>(I)V+36
j  ru.progwards.java2.lessons.gc.HeapTest.main([Ljava/lang/String;)V+6
v  ~StubRoutines::call_stub

---------------  P R O C E S S  ---------------

Threads class SMR info:
_java_thread_list=0x00000290487f8ea0, length=12, elements={
0x000002902b15f800, 0x0000029047c3e000, 0x0000029047c3f800, 0x0000029047c5a000,
0x0000029047c5d000, 0x0000029047c5e800, 0x0000029047c67800, 0x0000029047c7f000,
0x00000290485b0800, 0x0000029047c21000, 0x00000290488de000, 0x00000290488e3800
}

Java Threads: ( => current thread )
=>0x000002902b15f800 JavaThread "main" [_thread_in_vm, id=1616, stack(0x000000db8b900000,0x000000db8ba00000)]
  0x0000029047c3e000 JavaThread "Reference Handler" daemon [_thread_blocked, id=11056, stack(0x000000db8c000000,0x000000db8c100000)]
  0x0000029047c3f800 JavaThread "Finalizer" daemon [_thread_blocked, id=11088, stack(0x000000db8c100000,0x000000db8c200000)]
  0x0000029047c5a000 JavaThread "Signal Dispatcher" daemon [_thread_blocked, id=11192, stack(0x000000db8c200000,0x000000db8c300000)]
  0x0000029047c5d000 JavaThread "Attach Listener" daemon [_thread_blocked, id=2672, stack(0x000000db8c300000,0x000000db8c400000)]
  0x0000029047c5e800 JavaThread "Service Thread" daemon [_thread_blocked, id=8652, stack(0x000000db8c400000,0x000000db8c500000)]
  0x0000029047c67800 JavaThread "C2 CompilerThread0" daemon [_thread_blocked, id=5520, stack(0x000000db8c500000,0x000000db8c600000)]
  0x0000029047c7f000 JavaThread "C1 CompilerThread0" daemon [_thread_blocked, id=10620, stack(0x000000db8c600000,0x000000db8c700000)]
  0x00000290485b0800 JavaThread "Sweeper thread" daemon [_thread_blocked, id=484, stack(0x000000db8c700000,0x000000db8c800000)]
  0x0000029047c21000 JavaThread "Common-Cleaner" daemon [_thread_blocked, id=10476, stack(0x000000db8c800000,0x000000db8c900000)]
  0x00000290488de000 JavaThread "Monitor Ctrl-Break" daemon [_thread_blocked, id=2108, stack(0x000000db8c900000,0x000000db8ca00000)]
  0x00000290488e3800 JavaThread "Notification Thread" daemon [_thread_blocked, id=8736, stack(0x000000db8ca00000,0x000000db8cb00000)]

Other Threads:
  0x0000029047c3a000 VMThread "VM Thread" [stack: 0x000000db8bf00000,0x000000db8c000000] [id=9536]
  0x00000290488e8000 WatcherThread [stack: 0x000000db8cb00000,0x000000db8cc00000] [id=9512]
  0x000002902b18f000 GCTaskThread "GC Thread#0" [stack: 0x000000db8ba00000,0x000000db8bb00000] [id=9272]
  0x00000290488f5800 GCTaskThread "GC Thread#1" [stack: 0x000000db8cc00000,0x000000db8cd00000] [id=7940]
  0x000002902b19a000 ConcurrentGCThread "G1 Main Marker" [stack: 0x000000db8bb00000,0x000000db8bc00000] [id=7292]
  0x000002902b19b800 ConcurrentGCThread "G1 Conc#0" [stack: 0x000000db8bc00000,0x000000db8bd00000] [id=7956]
  0x00000290488f2800 ConcurrentGCThread "G1 Conc#1" [stack: 0x000000db8cd00000,0x000000db8ce00000] [id=3620]
  0x0000029047ab6800 ConcurrentGCThread "G1 Refine#0" [stack: 0x000000db8bd00000,0x000000db8be00000] [id=10872]
  0x0000029047ab7000 ConcurrentGCThread "G1 Young RemSet Sampling" [stack: 0x000000db8be00000,0x000000db8bf00000] [id=6796]

Threads with active compile tasks:

VM state:not at safepoint (normal execution)

VM Mutex/Monitor currently owned by a thread:  ([mutex/lock_event])
[0x000002902b15afd0] Heap_lock - owner thread: 0x000002902b15f800

Heap address: 0x00000000c0000000, size: 1024 MB, Compressed Oops mode: 32-bit
Narrow klass base: 0x0000000800000000, Narrow klass shift: 3
Compressed class space size: 1073741824 Address: 0x0000000800b30000

Heap:
 garbage-first heap   total 945152K, used 1253K [0x00000000c0000000, 0x0000000100000000)
  region size 1024K, 2 young (2048K), 2 survivors (2048K)
 Metaspace       used 691K, capacity 4604K, committed 4864K, reserved 1056768K
  class space    used 62K, capacity 405K, committed 512K, reserved 1048576K
Heap Regions: E=young(eden), S=young(survivor), O=old, HS=humongous(starts), HC=humongous(continues), CS=collection set, F=free, OA=open archive, CA=closed archive, TAMS=top-at-mark-start (previous, next)
|   0|0x00000000c0000000, 0x00000000c0000000, 0x00000000c0100000|  0%| F|  |TAMS 0x00000000c0000000, 0x00000000c0000000| Untracked 
|   1|0x00000000c0100000, 0x00000000c0100000, 0x00000000c0200000|  0%| F|  |TAMS 0x00000000c0100000, 0x00000000c0100000| Untracked 
|   2|0x00000000c0200000, 0x00000000c0200000, 0x00000000c0300000|  0%| F|  |TAMS 0x00000000c0200000, 0x00000000c0200000| Untracked 
|   3|0x00000000c0300000, 0x00000000c0300000, 0x00000000c0400000|  0%| F|  |TAMS 0x00000000c0300000, 0x00000000c0300000| Untracked 
|   4|0x00000000c0400000, 0x00000000c0400000, 0x00000000c0500000|  0%| F|  |TAMS 0x00000000c0400000, 0x00000000c0400000| Untracked 
|   5|0x00000000c0500000, 0x00000000c0500000, 0x00000000c0600000|  0%| F|  |TAMS 0x00000000c0500000, 0x00000000c0500000| Untracked 
|   6|0x00000000c0600000, 0x00000000c0600000, 0x00000000c0700000|  0%| F|  |TAMS 0x00000000c0600000, 0x00000000c0600000| Untracked 
|   7|0x00000000c0700000, 0x00000000c0700000, 0x00000000c0800000|  0%| F|  |TAMS 0x00000000c0700000, 0x00000000c0700000| Untracked 
|   8|0x00000000c0800000, 0x00000000c0800000, 0x00000000c0900000|  0%| F|  |TAMS 0x00000000c0800000, 0x00000000c0800000| Untracked 
|   9|0x00000000c0900000, 0x00000000c0900000, 0x00000000c0a00000|  0%| F|  |TAMS 0x00000000c0900000, 0x00000000c0900000| Untracked 
|  10|0x00000000c0a00000, 0x00000000c0a00000, 0x00000000c0b00000|  0%| F|  |TAMS 0x00000000c0a00000, 0x00000000c0a00000| Untracked 
|  11|0x00000000c0b00000, 0x00000000c0b00000, 0x00000000c0c00000|  0%| F|  |TAMS 0x00000000c0b00000, 0x00000000c0b00000| Untracked 
|  12|0x00000000c0c00000, 0x00000000c0c00000, 0x00000000c0d00000|  0%| F|  |TAMS 0x00000000c0c00000, 0x00000000c0c00000| Untracked 
|  13|0x00000000c0d00000, 0x00000000c0d00000, 0x00000000c0e00000|  0%| F|  |TAMS 0x00000000c0d00000, 0x00000000c0d00000| Untracked 
|  14|0x00000000c0e00000, 0x00000000c0e00000, 0x00000000c0f00000|  0%| F|  |TAMS 0x00000000c0e00000, 0x00000000c0e00000| Untracked 
|  15|0x00000000c0f00000, 0x00000000c0f00000, 0x00000000c1000000|  0%| F|  |TAMS 0x00000000c0f00000, 0x00000000c0f00000| Untracked 
|  16|0x00000000c1000000, 0x00000000c1000000, 0x00000000c1100000|  0%| F|  |TAMS 0x00000000c1000000, 0x00000000c1000000| Untracked 
|  17|0x00000000c1100000, 0x00000000c1100000, 0x00000000c1200000|  0%| F|  |TAMS 0x00000000c1100000, 0x00000000c1100000| Untracked 
|  18|0x00000000c1200000, 0x00000000c1200000, 0x00000000c1300000|  0%| F|  |TAMS 0x00000000c1200000, 0x00000000c1200000| Untracked 
|  19|0x00000000c1300000, 0x00000000c1300000, 0x00000000c1400000|  0%| F|  |TAMS 0x00000000c1300000, 0x00000000c1300000| Untracked 
|  20|0x00000000c1400000, 0x00000000c1400000, 0x00000000c1500000|  0%| F|  |TAMS 0x00000000c1400000, 0x00000000c1400000| Untracked 
|  21|0x00000000c1500000, 0x00000000c1500000, 0x00000000c1600000|  0%| F|  |TAMS 0x00000000c1500000, 0x00000000c1500000| Untracked 
|  22|0x00000000c1600000, 0x00000000c1600000, 0x00000000c1700000|  0%| F|  |TAMS 0x00000000c1600000, 0x00000000c1600000| Untracked 
|  23|0x00000000c1700000, 0x00000000c1700000, 0x00000000c1800000|  0%| F|  |TAMS 0x00000000c1700000, 0x00000000c1700000| Untracked 
|  24|0x00000000c1800000, 0x00000000c1800000, 0x00000000c1900000|  0%| F|  |TAMS 0x00000000c1800000, 0x00000000c1800000| Untracked 
|  25|0x00000000c1900000, 0x00000000c1900000, 0x00000000c1a00000|  0%| F|  |TAMS 0x00000000c1900000, 0x00000000c1900000| Untracked 
|  26|0x00000000c1a00000, 0x00000000c1a00000, 0x00000000c1b00000|  0%| F|  |TAMS 0x00000000c1a00000, 0x00000000c1a00000| Untracked 
|  27|0x00000000c1b00000, 0x00000000c1b00000, 0x00000000c1c00000|  0%| F|  |TAMS 0x00000000c1b00000, 0x00000000c1b00000| Untracked 
|  28|0x00000000c1c00000, 0x00000000c1c00000, 0x00000000c1d00000|  0%| F|  |TAMS 0x00000000c1c00000, 0x00000000c1c00000| Untracked 
|  29|0x00000000c1d00000, 0x00000000c1d00000, 0x00000000c1e00000|  0%| F|  |TAMS 0x00000000c1d00000, 0x00000000c1d00000| Untracked 
|  30|0x00000000c1e00000, 0x00000000c1e00000, 0x00000000c1f00000|  0%| F|  |TAMS 0x00000000c1e00000, 0x00000000c1e00000| Untracked 
|  31|0x00000000c1f00000, 0x00000000c1f00000, 0x00000000c2000000|  0%| F|  |TAMS 0x00000000c1f00000, 0x00000000c1f00000| Untracked 
|  32|0x00000000c2000000, 0x00000000c2000000, 0x00000000c2100000|  0%| F|  |TAMS 0x00000000c2000000, 0x00000000c2000000| Untracked 
|  33|0x00000000c2100000, 0x00000000c2100000, 0x00000000c2200000|  0%| F|  |TAMS 0x00000000c2100000, 0x00000000c2100000| Untracked 
|  34|0x00000000c2200000, 0x00000000c2200000, 0x00000000c2300000|  0%| F|  |TAMS 0x00000000c2200000, 0x00000000c2200000| Untracked 
|  35|0x00000000c2300000, 0x00000000c2300000, 0x00000000c2400000|  0%| F|  |TAMS 0x00000000c2300000, 0x00000000c2300000| Untracked 
|  36|0x00000000c2400000, 0x00000000c2400000, 0x00000000c2500000|  0%| F|  |TAMS 0x00000000c2400000, 0x00000000c2400000| Untracked 
|  37|0x00000000c2500000, 0x00000000c2500000, 0x00000000c2600000|  0%| F|  |TAMS 0x00000000c2500000, 0x00000000c2500000| Untracked 
|  38|0x00000000c2600000, 0x00000000c2600000, 0x00000000c2700000|  0%| F|  |TAMS 0x00000000c2600000, 0x00000000c2600000| Untracked 
|  39|0x00000000c2700000, 0x00000000c2700000, 0x00000000c2800000|  0%| F|  |TAMS 0x00000000c2700000, 0x00000000c2700000| Untracked 
|  40|0x00000000c2800000, 0x00000000c2800000, 0x00000000c2900000|  0%| F|  |TAMS 0x00000000c2800000, 0x00000000c2800000| Untracked 
|  41|0x00000000c2900000, 0x00000000c2900000, 0x00000000c2a00000|  0%| F|  |TAMS 0x00000000c2900000, 0x00000000c2900000| Untracked 
|  42|0x00000000c2a00000, 0x00000000c2a00000, 0x00000000c2b00000|  0%| F|  |TAMS 0x00000000c2a00000, 0x00000000c2a00000| Untracked 
|  43|0x00000000c2b00000, 0x00000000c2b00000, 0x00000000c2c00000|  0%| F|  |TAMS 0x00000000c2b00000, 0x00000000c2b00000| Untracked 
|  44|0x00000000c2c00000, 0x00000000c2c00000, 0x00000000c2d00000|  0%| F|  |TAMS 0x00000000c2c00000, 0x00000000c2c00000| Untracked 
|  45|0x00000000c2d00000, 0x00000000c2d00000, 0x00000000c2e00000|  0%| F|  |TAMS 0x00000000c2d00000, 0x00000000c2d00000| Untracked 
|  46|0x00000000c2e00000, 0x00000000c2e00000, 0x00000000c2f00000|  0%| F|  |TAMS 0x00000000c2e00000, 0x00000000c2e00000| Untracked 
|  47|0x00000000c2f00000, 0x00000000c2f00000, 0x00000000c3000000|  0%| F|  |TAMS 0x00000000c2f00000, 0x00000000c2f00000| Untracked 
|  48|0x00000000c3000000, 0x00000000c3000000, 0x00000000c3100000|  0%| F|  |TAMS 0x00000000c3000000, 0x00000000c3000000| Untracked 
|  49|0x00000000c3100000, 0x00000000c3100000, 0x00000000c3200000|  0%| F|  |TAMS 0x00000000c3100000, 0x00000000c3100000| Untracked 
|  50|0x00000000c3200000, 0x00000000c3200000, 0x00000000c3300000|  0%| F|  |TAMS 0x00000000c3200000, 0x00000000c3200000| Untracked 
|  51|0x00000000c3300000, 0x00000000c3300000, 0x00000000c3400000|  0%| F|  |TAMS 0x00000000c3300000, 0x00000000c3300000| Untracked 
|  52|0x00000000c3400000, 0x00000000c3400000, 0x00000000c3500000|  0%| F|  |TAMS 0x00000000c3400000, 0x00000000c3400000| Untracked 
|  53|0x00000000c3500000, 0x00000000c3500000, 0x00000000c3600000|  0%| F|  |TAMS 0x00000000c3500000, 0x00000000c3500000| Untracked 
|  54|0x00000000c3600000, 0x00000000c3600000, 0x00000000c3700000|  0%| F|  |TAMS 0x00000000c3600000, 0x00000000c3600000| Untracked 
|  55|0x00000000c3700000, 0x00000000c3700000, 0x00000000c3800000|  0%| F|  |TAMS 0x00000000c3700000, 0x00000000c3700000| Untracked 
|  56|0x00000000c3800000, 0x00000000c3800000, 0x00000000c3900000|  0%| F|  |TAMS 0x00000000c3800000, 0x00000000c3800000| Untracked 
|  57|0x00000000c3900000, 0x00000000c3900000, 0x00000000c3a00000|  0%| F|  |TAMS 0x00000000c3900000, 0x00000000c3900000| Untracked 
|  58|0x00000000c3a00000, 0x00000000c3a397b0, 0x00000000c3b00000| 22%| S|CS|TAMS 0x00000000c3a00000, 0x00000000c3a00000| Complete 
|  59|0x00000000c3b00000, 0x00000000c3c00000, 0x00000000c3c00000|100%| S|CS|TAMS 0x00000000c3b00000, 0x00000000c3b00000| Complete 
|  60|0x00000000c3c00000, 0x00000000c3c00000, 0x00000000c3d00000|  0%| F|  |TAMS 0x00000000c3c00000, 0x00000000c3c00000| Untracked 
|  61|0x00000000c3d00000, 0x00000000c3d00000, 0x00000000c3e00000|  0%| F|  |TAMS 0x00000000c3d00000, 0x00000000c3d00000| Untracked 
|  62|0x00000000c3e00000, 0x00000000c3e00000, 0x00000000c3f00000|  0%| F|  |TAMS 0x00000000c3e00000, 0x00000000c3e00000| Untracked 
|  63|0x00000000c3f00000, 0x00000000c3f00000, 0x00000000c4000000|  0%| F|  |TAMS 0x00000000c3f00000, 0x00000000c3f00000| Untracked 

Card table byte_map: [0x0000029042e20000,0x0000029043020000] _byte_map_base: 0x0000029042820000

Marking Bits (Prev, Next): (CMBitMap*) 0x000002902b18fa08, (CMBitMap*) 0x000002902b18fa48
 Prev Bits: [0x0000029043220000, 0x0000029044220000)
 Next Bits: [0x0000029044220000, 0x0000029045220000)

Polling page: 0x00000290290b0000

Metaspace:

Usage:
  Non-class:      4.10 MB capacity,   628.55 KB ( 15%) used,     3.49 MB ( 85%) free+waste,     1.81 KB ( <1%) overhead. 
      Class:    405.00 KB capacity,    62.95 KB ( 16%) used,   340.86 KB ( 84%) free+waste,     1.19 KB ( <1%) overhead. 
       Both:      4.50 MB capacity,   691.50 KB ( 15%) used,     3.82 MB ( 85%) free+waste,     3.00 KB ( <1%) overhead. 

Virtual space:
  Non-class space:        8.00 MB reserved,       4.25 MB ( 53%) committed 
      Class space:        1.00 GB reserved,     512.00 KB ( <1%) committed 
             Both:        1.01 GB reserved,       4.75 MB ( <1%) committed 

Chunk freelists:
   Non-Class:  25.00 KB
       Class:  1.00 KB
        Both:  26.00 KB

MaxMetaspaceSize: 17179869184.00 GB
CompressedClassSpaceSize: 1.00 GB

CodeHeap 'non-profiled nmethods': size=120000Kb used=74Kb max_used=74Kb free=119925Kb
 bounds [0x000002903b3c0000, 0x000002903b630000, 0x00000290428f0000]
CodeHeap 'profiled nmethods': size=120000Kb used=326Kb max_used=326Kb free=119673Kb
 bounds [0x0000029033e90000, 0x0000029034100000, 0x000002903b3c0000]
CodeHeap 'non-nmethods': size=5760Kb used=1119Kb max_used=1119Kb free=4640Kb
 bounds [0x00000290338f0000, 0x0000029033b60000, 0x0000029033e90000]
 total_blobs=964 nmethods=258 adapters=277
 compilation: enabled
              stopped_count=0, restarted_count=0
 full_count=0

Compilation events (20 events):
Event: 0.172 Thread 0x0000029047c7f000  248       3       java.lang.StringBuilder::<init> (7 bytes)
Event: 0.172 Thread 0x0000029047c7f000 nmethod 248 0x0000029033edde10 code [0x0000029033eddfc0, 0x0000029033ede108]
Event: 0.173 Thread 0x0000029047c7f000  249       3       java.util.concurrent.ConcurrentHashMap::casTabAt (21 bytes)
Event: 0.173 Thread 0x0000029047c7f000 nmethod 249 0x0000029033ede190 code [0x0000029033ede320, 0x0000029033ede478]
Event: 0.173 Thread 0x0000029047c7f000  250       1       java.net.URL::getProtocol (5 bytes)
Event: 0.173 Thread 0x0000029047c7f000 nmethod 250 0x000002903b3d1c10 code [0x000002903b3d1da0, 0x000002903b3d1e78]
Event: 0.173 Thread 0x0000029047c7f000  251       3       java.lang.invoke.MethodType::<init> (15 bytes)
Event: 0.174 Thread 0x0000029047c7f000 nmethod 251 0x0000029033ede510 code [0x0000029033ede6c0, 0x0000029033ede8f8]
Event: 0.174 Thread 0x0000029047c7f000  252       3       java.lang.invoke.MethodType::makeImpl (108 bytes)
Event: 0.175 Thread 0x0000029047c7f000 nmethod 252 0x0000029033ede990 code [0x0000029033edec40, 0x0000029033edfad8]
Event: 0.175 Thread 0x0000029047c7f000  253       3       java.lang.invoke.MethodType$ConcurrentWeakInternSet::get (47 bytes)
Event: 0.176 Thread 0x0000029047c7f000 

Event: 0.176 Thread 0x0000029047c7f000  254       3       java.lang.Class::getClassLoader (28 bytes)
Event: 0.177 Thread 0x0000029047c7f000 nmethod 254 0x0000029033edff90 code [0x0000029033ee01c0, 0x0000029033ee0c18]
Event: 0.177 Thread 0x0000029047c7f000  255       3       java.lang.StringLatin1::lastIndexOf (40 bytes)
Event: 0.177 Thread 0x0000029047c7f000 nmethod 255 0x0000029033ee0f10 code [0x0000029033ee10e0, 0x0000029033ee1498]
Event: 0.177 Thread 0x0000029047c7f000  257       1       java.lang.invoke.MethodType::form (5 bytes)
Event: 0.177 Thread 0x0000029047c7f000 nmethod 257 0x000002903b3d2310 code [0x000002903b3d24a0, 0x000002903b3d2578]
Event: 0.178 Thread 0x0000029047c7f000  259       3       java.lang.invoke.MethodType::parameterCount (6 bytes)
Event: 0.178 Thread 0x0000029047c7f000 nmethod 259 0x0000029033ee1610 code [0x0000029033ee17a0, 0x0000029033ee18d8]

GC Heap History (2 events):
Event: 0.179 GC heap before
{Heap before GC invocations=0 (full 0):
 garbage-first heap   total 65536K, used 3072K [0x00000000c0000000, 0x0000000100000000)
  region size 1024K, 4 young (4096K), 0 survivors (0K)
 Metaspace       used 691K, capacity 4604K, committed 4864K, reserved 1056768K
  class space    used 62K, capacity 405K, committed 512K, reserved 1048576K
}
Event: 0.182 GC heap after
{Heap after GC invocations=1 (full 0):
 garbage-first heap   total 65536K, used 1253K [0x00000000c0000000, 0x0000000100000000)
  region size 1024K, 2 young (2048K), 2 survivors (2048K)
 Metaspace       used 691K, capacity 4604K, committed 4864K, reserved 1056768K
  class space    used 62K, capacity 405K, committed 512K, reserved 1048576K
}

Deoptimization events (20 events):
Event: 0.149 Thread 0x000002902b15f800 DEOPT PACKING pc=0x0000029033ec9b0e sp=0x000000db8b9fe170
Event: 0.149 Thread 0x000002902b15f800 DEOPT UNPACKING pc=0x000002903393993f sp=0x000000db8b9fd610 mode 0
Event: 0.149 Thread 0x000002902b15f800 DEOPT PACKING pc=0x0000029033ec9b0e sp=0x000000db8b9fe170
Event: 0.149 Thread 0x000002902b15f800 DEOPT UNPACKING pc=0x000002903393993f sp=0x000000db8b9fd610 mode 0
Event: 0.149 Thread 0x000002902b15f800 DEOPT PACKING pc=0x0000029033ec9b0e sp=0x000000db8b9fe170
Event: 0.149 Thread 0x000002902b15f800 DEOPT UNPACKING pc=0x000002903393993f sp=0x000000db8b9fd610 mode 0
Event: 0.149 Thread 0x000002902b15f800 DEOPT PACKING pc=0x0000029033ec9b0e sp=0x000000db8b9fe170
Event: 0.149 Thread 0x000002902b15f800 DEOPT UNPACKING pc=0x000002903393993f sp=0x000000db8b9fd610 mode 0
Event: 0.149 Thread 0x000002902b15f800 DEOPT PACKING pc=0x0000029033ec9b0e sp=0x000000db8b9fe170
Event: 0.149 Thread 0x000002902b15f800 DEOPT UNPACKING pc=0x000002903393993f sp=0x000000db8b9fd610 mode 0
Event: 0.149 Thread 0x000002902b15f800 DEOPT PACKING pc=0x0000029033ec9b0e sp=0x000000db8b9fe170
Event: 0.149 Thread 0x000002902b15f800 DEOPT UNPACKING pc=0x000002903393993f sp=0x000000db8b9fd610 mode 0
Event: 0.150 Thread 0x000002902b15f800 DEOPT PACKING pc=0x0000029033ec9b0e sp=0x000000db8b9fe170
Event: 0.150 Thread 0x000002902b15f800 DEOPT UNPACKING pc=0x000002903393993f sp=0x000000db8b9fd610 mode 0
Event: 0.150 Thread 0x000002902b15f800 DEOPT PACKING pc=0x0000029033ec9b0e sp=0x000000db8b9fe170
Event: 0.150 Thread 0x000002902b15f800 DEOPT UNPACKING pc=0x000002903393993f sp=0x000000db8b9fd610 mode 0
Event: 0.150 Thread 0x000002902b15f800 DEOPT PACKING pc=0x0000029033ec9b0e sp=0x000000db8b9fe170
Event: 0.150 Thread 0x000002902b15f800 DEOPT UNPACKING pc=0x000002903393993f sp=0x000000db8b9fd610 mode 0
Event: 0.150 Thread 0x000002902b15f800 DEOPT PACKING pc=0x0000029033ec9b0e sp=0x000000db8b9fe170
Event: 0.150 Thread 0x000002902b15f800 DEOPT UNPACKING pc=0x000002903393993f sp=0x000000db8b9fd610 mode 0

Classes unloaded (0 events):
No events

Classes redefined (0 events):
No events

Internal exceptions (0 events):
No events

Events (20 events):
Event: 0.174 loading class java/net/SocketAddress done
Event: 0.174 loading class java/net/InetSocketAddress done
Event: 0.175 Executing VM operation: HandshakeOneThread
Event: 0.175 Executing VM operation: HandshakeOneThread done
Event: 0.176 Executing VM operation: HandshakeAllThreads
Event: 0.176 Executing VM operation: HandshakeAllThreads done
Event: 0.177 loading class java/net/InetSocketAddress$InetSocketAddressHolder
Event: 0.177 loading class java/net/InetSocketAddress$InetSocketAddressHolder done
Event: 0.177 loading class java/net/SocketImpl
Event: 0.177 loading class java/net/SocketOptions
Event: 0.177 loading class java/net/SocketOptions done
Event: 0.177 loading class java/net/SocketImpl done
Event: 0.178 Executing VM operation: HandshakeOneThread
Event: 0.178 Executing VM operation: HandshakeOneThread done
Event: 0.178 loading class sun/net/NetProperties
Event: 0.179 loading class sun/net/NetProperties done
Event: 0.179 loading class sun/net/NetProperties$1
Event: 0.179 loading class sun/net/NetProperties$1 done
Event: 0.179 Executing VM operation: G1TryInitiateConcMark
Event: 0.184 Executing VM operation: G1TryInitiateConcMark done


Dynamic libraries:
0x00007ff7b9870000 - 0x00007ff7b987f000 	C:\Program Files\Java\jdk-14\bin\java.exe
0x00007ff9a82e0000 - 0x00007ff9a84cd000 	C:\Windows\SYSTEM32\ntdll.dll
0x00007ff9a6eb0000 - 0x00007ff9a6f63000 	C:\Windows\System32\KERNEL32.DLL
0x00007ff9a43a0000 - 0x00007ff9a4635000 	C:\Windows\System32\KERNELBASE.dll
0x0000000065150000 - 0x00000000651e3000 	C:\Windows\System32\SYSFER.DLL
0x00007ff9a5350000 - 0x00007ff9a544a000 	C:\Windows\System32\ucrtbase.dll
0x00007ff999610000 - 0x00007ff999625000 	C:\Program Files\Java\jdk-14\bin\VCRUNTIME140.dll
0x00007ff991730000 - 0x00007ff991748000 	C:\Program Files\Java\jdk-14\bin\jli.dll
0x00007ff9a7950000 - 0x00007ff9a79f3000 	C:\Windows\System32\ADVAPI32.dll
0x00007ff9a5540000 - 0x00007ff9a55de000 	C:\Windows\System32\msvcrt.dll
0x00007ff9a5910000 - 0x00007ff9a59ae000 	C:\Windows\System32\sechost.dll
0x00007ff9a7560000 - 0x00007ff9a7682000 	C:\Windows\System32\RPCRT4.dll
0x00007ff9a7a60000 - 0x00007ff9a7bf7000 	C:\Windows\System32\USER32.dll
0x00007ff9a4740000 - 0x00007ff9a4760000 	C:\Windows\System32\win32u.dll
0x00007ff9a5510000 - 0x00007ff9a5539000 	C:\Windows\System32\GDI32.dll
0x00007ff99a7a0000 - 0x00007ff99aa19000 	C:\Windows\WinSxS\amd64_microsoft.windows.common-controls_6595b64144ccf1df_6.0.17763.1282_none_de75b6f253473c0f\COMCTL32.dll
0x00007ff9a4760000 - 0x00007ff9a48fa000 	C:\Windows\System32\gdi32full.dll
0x00007ff9a50d0000 - 0x00007ff9a5170000 	C:\Windows\System32\msvcp_win.dll
0x00007ff9a55e0000 - 0x00007ff9a590c000 	C:\Windows\System32\combase.dll
0x00007ff9a4900000 - 0x00007ff9a497e000 	C:\Windows\System32\bcryptPrimitives.dll
0x00007ff99fac0000 - 0x00007ff99faca000 	C:\Windows\SYSTEM32\VERSION.dll
0x00007ff9a6f70000 - 0x00007ff9a6f9e000 	C:\Windows\System32\IMM32.DLL
0x00007ff984a30000 - 0x00007ff984acb000 	C:\Program Files\Java\jdk-14\bin\msvcp140.dll
0x00007ff96cb00000 - 0x00007ff96d61f000 	C:\Program Files\Java\jdk-14\bin\server\jvm.dll
0x00007ff9a5500000 - 0x00007ff9a5508000 	C:\Windows\System32\PSAPI.DLL
0x00007ff9a2550000 - 0x00007ff9a2559000 	C:\Windows\SYSTEM32\WSOCK32.dll
0x00007ff9a6fa0000 - 0x00007ff9a700d000 	C:\Windows\System32\WS2_32.dll
0x00007ff9a2430000 - 0x00007ff9a2454000 	C:\Windows\SYSTEM32\WINMM.dll
0x00007ff9a2400000 - 0x00007ff9a242d000 	C:\Windows\SYSTEM32\WINMMBASE.dll
0x00007ff9a46f0000 - 0x00007ff9a473a000 	C:\Windows\System32\cfgmgr32.dll
0x00007ff9a4300000 - 0x00007ff9a4311000 	C:\Windows\System32\kernel.appcore.dll
0x00007ff99b820000 - 0x00007ff99b82a000 	C:\Program Files\Java\jdk-14\bin\jimage.dll
0x00007ff994be0000 - 0x00007ff994dcd000 	C:\Windows\SYSTEM32\DBGHELP.DLL
0x00007ff994bb0000 - 0x00007ff994bda000 	C:\Windows\SYSTEM32\dbgcore.DLL
0x00007ff999900000 - 0x00007ff99990e000 	C:\Program Files\Java\jdk-14\bin\instrument.dll
0x00007ff9915f0000 - 0x00007ff991615000 	C:\Program Files\Java\jdk-14\bin\java.dll
0x00007ff9915d0000 - 0x00007ff9915e7000 	C:\Program Files\Java\jdk-14\bin\zip.dll
0x00007ff9a59b0000 - 0x00007ff9a6ea8000 	C:\Windows\System32\SHELL32.dll
0x00007ff9a7690000 - 0x00007ff9a7738000 	C:\Windows\System32\shcore.dll
0x00007ff9a4980000 - 0x00007ff9a50cf000 	C:\Windows\System32\windows.storage.dll
0x00007ff9a42d0000 - 0x00007ff9a42f4000 	C:\Windows\System32\profapi.dll
0x00007ff9a4340000 - 0x00007ff9a439d000 	C:\Windows\System32\powrprof.dll
0x00007ff9a7d30000 - 0x00007ff9a7d82000 	C:\Windows\System32\shlwapi.dll
0x00007ff9a46a0000 - 0x00007ff9a46b7000 	C:\Windows\System32\cryptsp.dll
0x00007ff990e30000 - 0x00007ff990e49000 	C:\Program Files\Java\jdk-14\bin\net.dll
0x00007ff99ea10000 - 0x00007ff99eb02000 	C:\Windows\SYSTEM32\WINHTTP.dll
0x00007ff9a3ad0000 - 0x00007ff9a3b37000 	C:\Windows\system32\mswsock.dll
0x00007ff990e10000 - 0x00007ff990e22000 	C:\Program Files\Java\jdk-14\bin\nio.dll
0x00007ff9998d0000 - 0x00007ff9998e0000 	C:\Program Files\Java\jdk-14\bin\verify.dll
0x00007ff990df0000 - 0x00007ff990e0a000 	C:\Program Files\JetBrains\IntelliJ IDEA Community Edition 2019.3.4\bin\breakgen64.dll

dbghelp: loaded successfully - version: 4.0.5 - missing functions: none
symbol engine: initialized successfully - sym options: 0x614 - pdb path: .;C:\Program Files\Java\jdk-14\bin;C:\Windows\SYSTEM32;C:\Windows\WinSxS\amd64_microsoft.windows.common-controls_6595b64144ccf1df_6.0.17763.1282_none_de75b6f253473c0f;C:\Program Files\Java\jdk-14\bin\server;C:\Program Files\JetBrains\IntelliJ IDEA Community Edition 2019.3.4\bin

VM Arguments:
jvm_args: -javaagent:C:\Program Files\JetBrains\IntelliJ IDEA Community Edition 2019.3.4\lib\idea_rt.jar=53979:C:\Program Files\JetBrains\IntelliJ IDEA Community Edition 2019.3.4\bin -Dfile.encoding=UTF-8 
java_command: ru.progwards.java2.lessons.gc.HeapTest
java_class_path (initial): C:\Users\sidnet1964\IdeaProjects\HelloWorld\out\production\HelloWorld;C:\Users\sidnet1964\.m2\repository\org\jetbrains\annotations\19.0.0\annotations-19.0.0.jar;D:\__Java__2\05 Вебинар Тестирование кода, JUnit\Latest Release\junit-jupiter-5.6.2.jar;D:\__Java__2\05 Вебинар Тестирование кода, JUnit\Latest Release\junit-jupiter-api-5.6.2.jar;D:\__Java__2\05 Вебинар Тестирование кода, JUnit\Latest Release\junit-jupiter-engine-5.6.2.jar;D:\__Java__2\05 Вебинар Тестирование кода, JUnit\Latest Release\junit-jupiter-migrationsupport-5.6.2.jar;D:\__Java__2\05 Вебинар Тестирование кода, JUnit\Latest Release\junit-jupiter-params-5.6.2.jar;D:\__Java__2\05 Вебинар Тестирование кода, JUnit\Latest Release\junit-platform-commons-1.6.2.jar;D:\__Java__2\05 Вебинар Тестирование кода, JUnit\Latest Release\junit-platform-console-1.6.2.jar;D:\__Java__2\05 Вебинар Тестирование кода, JUnit\Latest Release\junit-platform-console-standalone-1.6.2.jar;D:\__Java__2\05 Вебинар Тестирование кода, JUnit\Latest Release\junit-platform-engine-1.6.2.jar;D:\__Java__2\05 Вебинар Тестирование кода, JUnit\Latest Release\junit-platform-launcher-1.6.2.jar;D:\__Java__2\05 Вебинар Тестирование кода, JUnit\Latest Release\junit-platform-reporting-1.6.2.jar;D:\__Java__2\05 Вебинар Тестирование кода, JUnit\Latest Release\junit-platform-suite-api-1.6.2.jar;D:\__Java__2\05 Вебинар Тестирование кода, JUnit\Latest Release\junit-platform-testkit-1.6.2.jar
Launcher Type: SUN_STANDARD

[Global flags]
     intx CICompilerCount                          = 4                                         {product} {ergonomic}
     uint ConcGCThreads                            = 2                                         {product} {ergonomic}
     uint G1ConcRefinementThreads                  = 8                                         {product} {ergonomic}
   size_t G1HeapRegionSize                         = 1048576                                   {product} {ergonomic}
    uintx GCDrainStackTargetSize                   = 64                                        {product} {ergonomic}
   size_t InitialHeapSize                          = 67108864                                  {product} {ergonomic}
   size_t MarkStackSize                            = 4194304                                   {product} {ergonomic}
   size_t MaxHeapSize                              = 1073741824                                {product} {ergonomic}
   size_t MaxNewSize                               = 643825664                                 {product} {ergonomic}
   size_t MinHeapDeltaBytes                        = 1048576                                   {product} {ergonomic}
   size_t MinHeapSize                              = 8388608                                   {product} {ergonomic}
    uintx NonNMethodCodeHeapSize                   = 5839372                                {pd product} {ergonomic}
    uintx NonProfiledCodeHeapSize                  = 122909434                              {pd product} {ergonomic}
    uintx ProfiledCodeHeapSize                     = 122909434                              {pd product} {ergonomic}
    uintx ReservedCodeCacheSize                    = 251658240                              {pd product} {ergonomic}
     bool SegmentedCodeCache                       = true                                      {product} {ergonomic}
   size_t SoftMaxHeapSize                          = 1073741824                             {manageable} {ergonomic}
     bool UseCompressedClassPointers               = true                                 {lp64_product} {ergonomic}
     bool UseCompressedOops                        = true                                 {lp64_product} {ergonomic}
     bool UseG1GC                                  = true                                      {product} {ergonomic}
     bool UseLargePagesIndividualAllocation        = false                                  {pd product} {ergonomic}

Logging:
Log output configuration:
 #0: stdout all=warning uptime,level,tags
 #1: stderr all=off uptime,level,tags

Environment Variables:
PATH=C:\Program Files (x86)\Embarcadero\Studio\20.0\bin;C:\Users\Public\Documents\Embarcadero\Studio\20.0\Bpl;C:\Program Files (x86)\Embarcadero\Studio\20.0\bin64;C:\Users\Public\Documents\Embarcadero\Studio\20.0\Bpl\Win64;C:\Windows\system32;C:\Windows;C:\Windows\System32\Wbem;C:\Windows\System32\WindowsPowerShell\v1.0\;C:\Windows\System32\OpenSSH\;C:\Program Files\Git\cmd;C:\Program Files\Java\jdk-14\bin;C:\Users\sidnet1964\AppData\Local\Microsoft\WindowsApps;
USERNAME=sidnet1964
OS=Windows_NT
PROCESSOR_IDENTIFIER=Intel64 Family 6 Model 30 Stepping 5, GenuineIntel



---------------  S Y S T E M  ---------------

OS: Windows 10 , 64 bit Build 17763 (10.0.17763.1158)
OS uptime: 0 days 5:22 hours

CPU:total 8 (initial active 8) (4 cores per cpu, 2 threads per core) family 6 model 30 stepping 5, cmov, cx8, fxsr, mmx, sse, sse2, sse3, ssse3, sse4.1, sse4.2, popcnt, ht, tsc, tscinvbit

Memory: 4k page, system-wide physical 4094M (885M free)
TotalPageFile size 5828M (AvailPageFile size 367M)
current process WorkingSet (physical memory assigned to process): 35M, peak: 35M
current process commit charge ("private bytes"): 149M, peak: 1008M

vm_info: Java HotSpot(TM) 64-Bit Server VM (14+36-1461) for windows-amd64 JRE (14+36-1461), built on Feb  6 2020 19:08:04 by "mach5one" with MS VC++ 15.9 (VS2017)

END.
